<?xml version="1.0" encoding="UTF-8"?>
<!-- Generated by org.testng.reporters.JUnitXMLReporter -->
<testsuite ignored="0" hostname="LAPTOP-8MHC8GH8" failures="0" tests="5" name="Test" time="51.959" errors="0" timestamp="2024-04-20T16:34:46 EEST">
  <testcase classname="testCases.TC_001_AccountRegistrationTest" name="verify_account_registration" time="3.451"/>
  <testcase classname="testCases.TC_002_LoginTest" name="verify_login" time="1.126"/>
  <testcase classname="testCases.TC_004_SearchProductTest" name="verify_pruductSearch" time="0.799"/>
  <testcase classname="testCases.TC_005_AddToCartPageTest" name="verify_addToCart" time="1.325"/>
  <testcase classname="testCases.TC_006_EndToEndTest" name="endToendTest" time="37.118"/>
</testsuite> <!-- Test -->
